running egg_info
creating build/my_python_pkg/my_python_pkg.egg-info
writing build/my_python_pkg/my_python_pkg.egg-info/PKG-INFO
writing dependency_links to build/my_python_pkg/my_python_pkg.egg-info/dependency_links.txt
writing entry points to build/my_python_pkg/my_python_pkg.egg-info/entry_points.txt
writing requirements to build/my_python_pkg/my_python_pkg.egg-info/requires.txt
writing top-level names to build/my_python_pkg/my_python_pkg.egg-info/top_level.txt
writing manifest file 'build/my_python_pkg/my_python_pkg.egg-info/SOURCES.txt'
reading manifest file 'build/my_python_pkg/my_python_pkg.egg-info/SOURCES.txt'
writing manifest file 'build/my_python_pkg/my_python_pkg.egg-info/SOURCES.txt'
running build
running build_py
creating /home/ros2/ros2_ws/src/my_python_pkg/build/my_python_pkg/build
creating /home/ros2/ros2_ws/src/my_python_pkg/build/my_python_pkg/build/lib
creating /home/ros2/ros2_ws/src/my_python_pkg/build/my_python_pkg/build/lib/my_python_pkg
copying my_python_pkg/__init__.py -> /home/ros2/ros2_ws/src/my_python_pkg/build/my_python_pkg/build/lib/my_python_pkg
copying my_python_pkg/listener.py -> /home/ros2/ros2_ws/src/my_python_pkg/build/my_python_pkg/build/lib/my_python_pkg
copying my_python_pkg/talker.py -> /home/ros2/ros2_ws/src/my_python_pkg/build/my_python_pkg/build/lib/my_python_pkg
running install
running install_lib
creating /home/ros2/ros2_ws/src/my_python_pkg/install/my_python_pkg/lib/python3.10/site-packages/my_python_pkg
copying /home/ros2/ros2_ws/src/my_python_pkg/build/my_python_pkg/build/lib/my_python_pkg/__init__.py -> /home/ros2/ros2_ws/src/my_python_pkg/install/my_python_pkg/lib/python3.10/site-packages/my_python_pkg
copying /home/ros2/ros2_ws/src/my_python_pkg/build/my_python_pkg/build/lib/my_python_pkg/listener.py -> /home/ros2/ros2_ws/src/my_python_pkg/install/my_python_pkg/lib/python3.10/site-packages/my_python_pkg
copying /home/ros2/ros2_ws/src/my_python_pkg/build/my_python_pkg/build/lib/my_python_pkg/talker.py -> /home/ros2/ros2_ws/src/my_python_pkg/install/my_python_pkg/lib/python3.10/site-packages/my_python_pkg
byte-compiling /home/ros2/ros2_ws/src/my_python_pkg/install/my_python_pkg/lib/python3.10/site-packages/my_python_pkg/__init__.py to __init__.cpython-310.pyc
byte-compiling /home/ros2/ros2_ws/src/my_python_pkg/install/my_python_pkg/lib/python3.10/site-packages/my_python_pkg/listener.py to listener.cpython-310.pyc
byte-compiling /home/ros2/ros2_ws/src/my_python_pkg/install/my_python_pkg/lib/python3.10/site-packages/my_python_pkg/talker.py to talker.cpython-310.pyc
running install_data
creating /home/ros2/ros2_ws/src/my_python_pkg/install/my_python_pkg/share/ament_index
creating /home/ros2/ros2_ws/src/my_python_pkg/install/my_python_pkg/share/ament_index/resource_index
creating /home/ros2/ros2_ws/src/my_python_pkg/install/my_python_pkg/share/ament_index/resource_index/packages
copying resource/my_python_pkg -> /home/ros2/ros2_ws/src/my_python_pkg/install/my_python_pkg/share/ament_index/resource_index/packages
copying package.xml -> /home/ros2/ros2_ws/src/my_python_pkg/install/my_python_pkg/share/my_python_pkg
running install_egg_info
Copying build/my_python_pkg/my_python_pkg.egg-info to /home/ros2/ros2_ws/src/my_python_pkg/install/my_python_pkg/lib/python3.10/site-packages/my_python_pkg-0.0.0-py3.10.egg-info
running install_scripts
Installing listener script to /home/ros2/ros2_ws/src/my_python_pkg/install/my_python_pkg/lib/my_python_pkg
Installing talker script to /home/ros2/ros2_ws/src/my_python_pkg/install/my_python_pkg/lib/my_python_pkg
writing list of installed files to '/home/ros2/ros2_ws/src/my_python_pkg/build/my_python_pkg/install.log'
