[1.017s] Invoking command in '/home/ros2/ros2_ws/src/my_python_pkg': PYTHONPATH=/home/ros2/ros2_ws/src/my_python_pkg/build/my_python_pkg/prefix_override:/usr/lib/python3/dist-packages/colcon_core/task/python/colcon_distutils_commands:/home/ros2/ros2_ws/src/my_python_pkg/install/my_python_pkg/lib/python3.10/site-packages:${PYTHONPATH} /usr/bin/python3 -W ignore:setup.py install is deprecated -W ignore:easy_install command is deprecated setup.py egg_info --egg-base build/my_python_pkg build --build-base /home/ros2/ros2_ws/src/my_python_pkg/build/my_python_pkg/build install --record /home/ros2/ros2_ws/src/my_python_pkg/build/my_python_pkg/install.log --single-version-externally-managed install_data
[1.237s] running egg_info
[1.238s] creating build/my_python_pkg/my_python_pkg.egg-info
[1.238s] writing build/my_python_pkg/my_python_pkg.egg-info/PKG-INFO
[1.238s] writing dependency_links to build/my_python_pkg/my_python_pkg.egg-info/dependency_links.txt
[1.238s] writing entry points to build/my_python_pkg/my_python_pkg.egg-info/entry_points.txt
[1.238s] writing requirements to build/my_python_pkg/my_python_pkg.egg-info/requires.txt
[1.239s] writing top-level names to build/my_python_pkg/my_python_pkg.egg-info/top_level.txt
[1.239s] writing manifest file 'build/my_python_pkg/my_python_pkg.egg-info/SOURCES.txt'
[1.241s] reading manifest file 'build/my_python_pkg/my_python_pkg.egg-info/SOURCES.txt'
[1.244s] writing manifest file 'build/my_python_pkg/my_python_pkg.egg-info/SOURCES.txt'
[1.244s] running build
[1.244s] running build_py
[1.244s] creating /home/ros2/ros2_ws/src/my_python_pkg/build/my_python_pkg/build
[1.244s] creating /home/ros2/ros2_ws/src/my_python_pkg/build/my_python_pkg/build/lib
[1.244s] creating /home/ros2/ros2_ws/src/my_python_pkg/build/my_python_pkg/build/lib/my_python_pkg
[1.245s] copying my_python_pkg/__init__.py -> /home/ros2/ros2_ws/src/my_python_pkg/build/my_python_pkg/build/lib/my_python_pkg
[1.245s] copying my_python_pkg/listener.py -> /home/ros2/ros2_ws/src/my_python_pkg/build/my_python_pkg/build/lib/my_python_pkg
[1.245s] copying my_python_pkg/talker.py -> /home/ros2/ros2_ws/src/my_python_pkg/build/my_python_pkg/build/lib/my_python_pkg
[1.246s] running install
[1.246s] running install_lib
[1.247s] creating /home/ros2/ros2_ws/src/my_python_pkg/install/my_python_pkg/lib/python3.10/site-packages/my_python_pkg
[1.247s] copying /home/ros2/ros2_ws/src/my_python_pkg/build/my_python_pkg/build/lib/my_python_pkg/__init__.py -> /home/ros2/ros2_ws/src/my_python_pkg/install/my_python_pkg/lib/python3.10/site-packages/my_python_pkg
[1.247s] copying /home/ros2/ros2_ws/src/my_python_pkg/build/my_python_pkg/build/lib/my_python_pkg/listener.py -> /home/ros2/ros2_ws/src/my_python_pkg/install/my_python_pkg/lib/python3.10/site-packages/my_python_pkg
[1.247s] copying /home/ros2/ros2_ws/src/my_python_pkg/build/my_python_pkg/build/lib/my_python_pkg/talker.py -> /home/ros2/ros2_ws/src/my_python_pkg/install/my_python_pkg/lib/python3.10/site-packages/my_python_pkg
[1.248s] byte-compiling /home/ros2/ros2_ws/src/my_python_pkg/install/my_python_pkg/lib/python3.10/site-packages/my_python_pkg/__init__.py to __init__.cpython-310.pyc
[1.248s] byte-compiling /home/ros2/ros2_ws/src/my_python_pkg/install/my_python_pkg/lib/python3.10/site-packages/my_python_pkg/listener.py to listener.cpython-310.pyc
[1.248s] byte-compiling /home/ros2/ros2_ws/src/my_python_pkg/install/my_python_pkg/lib/python3.10/site-packages/my_python_pkg/talker.py to talker.cpython-310.pyc
[1.249s] running install_data
[1.249s] creating /home/ros2/ros2_ws/src/my_python_pkg/install/my_python_pkg/share/ament_index
[1.249s] creating /home/ros2/ros2_ws/src/my_python_pkg/install/my_python_pkg/share/ament_index/resource_index
[1.249s] creating /home/ros2/ros2_ws/src/my_python_pkg/install/my_python_pkg/share/ament_index/resource_index/packages
[1.250s] copying resource/my_python_pkg -> /home/ros2/ros2_ws/src/my_python_pkg/install/my_python_pkg/share/ament_index/resource_index/packages
[1.250s] copying package.xml -> /home/ros2/ros2_ws/src/my_python_pkg/install/my_python_pkg/share/my_python_pkg
[1.250s] running install_egg_info
[1.251s] Copying build/my_python_pkg/my_python_pkg.egg-info to /home/ros2/ros2_ws/src/my_python_pkg/install/my_python_pkg/lib/python3.10/site-packages/my_python_pkg-0.0.0-py3.10.egg-info
[1.252s] running install_scripts
[1.270s] Installing listener script to /home/ros2/ros2_ws/src/my_python_pkg/install/my_python_pkg/lib/my_python_pkg
[1.270s] Installing talker script to /home/ros2/ros2_ws/src/my_python_pkg/install/my_python_pkg/lib/my_python_pkg
[1.270s] writing list of installed files to '/home/ros2/ros2_ws/src/my_python_pkg/build/my_python_pkg/install.log'
[1.293s] Invoked command in '/home/ros2/ros2_ws/src/my_python_pkg' returned '0': PYTHONPATH=/home/ros2/ros2_ws/src/my_python_pkg/build/my_python_pkg/prefix_override:/usr/lib/python3/dist-packages/colcon_core/task/python/colcon_distutils_commands:/home/ros2/ros2_ws/src/my_python_pkg/install/my_python_pkg/lib/python3.10/site-packages:${PYTHONPATH} /usr/bin/python3 -W ignore:setup.py install is deprecated -W ignore:easy_install command is deprecated setup.py egg_info --egg-base build/my_python_pkg build --build-base /home/ros2/ros2_ws/src/my_python_pkg/build/my_python_pkg/build install --record /home/ros2/ros2_ws/src/my_python_pkg/build/my_python_pkg/install.log --single-version-externally-managed install_data
