[0.813s] Invoking command in '/home/ros2/ros2_ws/src/my_python_pkg': PYTHONPATH=/home/ros2/ros2_ws/src/my_python_pkg/build/my_python_pkg/prefix_override:/usr/lib/python3/dist-packages/colcon_core/task/python/colcon_distutils_commands:/home/ros2/ros2_ws/src/my_python_pkg/install/my_python_pkg/lib/python3.10/site-packages:${PYTHONPATH} /usr/bin/python3 -W ignore:setup.py install is deprecated -W ignore:easy_install command is deprecated setup.py egg_info --egg-base build/my_python_pkg build --build-base /home/ros2/ros2_ws/src/my_python_pkg/build/my_python_pkg/build install --record /home/ros2/ros2_ws/src/my_python_pkg/build/my_python_pkg/install.log --single-version-externally-managed install_data
[0.996s] running egg_info
[0.996s] writing build/my_python_pkg/my_python_pkg.egg-info/PKG-INFO
[0.999s] writing dependency_links to build/my_python_pkg/my_python_pkg.egg-info/dependency_links.txt
[0.999s] writing entry points to build/my_python_pkg/my_python_pkg.egg-info/entry_points.txt
[0.999s] writing requirements to build/my_python_pkg/my_python_pkg.egg-info/requires.txt
[0.999s] writing top-level names to build/my_python_pkg/my_python_pkg.egg-info/top_level.txt
[1.001s] reading manifest file 'build/my_python_pkg/my_python_pkg.egg-info/SOURCES.txt'
[1.002s] writing manifest file 'build/my_python_pkg/my_python_pkg.egg-info/SOURCES.txt'
[1.002s] running build
[1.002s] running build_py
[1.003s] running install
[1.003s] running install_lib
[1.005s] running install_data
[1.006s] running install_egg_info
[1.007s] removing '/home/ros2/ros2_ws/src/my_python_pkg/install/my_python_pkg/lib/python3.10/site-packages/my_python_pkg-0.0.0-py3.10.egg-info' (and everything under it)
[1.007s] Copying build/my_python_pkg/my_python_pkg.egg-info to /home/ros2/ros2_ws/src/my_python_pkg/install/my_python_pkg/lib/python3.10/site-packages/my_python_pkg-0.0.0-py3.10.egg-info
[1.008s] running install_scripts
[1.041s] Installing listener script to /home/ros2/ros2_ws/src/my_python_pkg/install/my_python_pkg/lib/my_python_pkg
[1.042s] Installing talker script to /home/ros2/ros2_ws/src/my_python_pkg/install/my_python_pkg/lib/my_python_pkg
[1.045s] writing list of installed files to '/home/ros2/ros2_ws/src/my_python_pkg/build/my_python_pkg/install.log'
[1.097s] Invoked command in '/home/ros2/ros2_ws/src/my_python_pkg' returned '0': PYTHONPATH=/home/ros2/ros2_ws/src/my_python_pkg/build/my_python_pkg/prefix_override:/usr/lib/python3/dist-packages/colcon_core/task/python/colcon_distutils_commands:/home/ros2/ros2_ws/src/my_python_pkg/install/my_python_pkg/lib/python3.10/site-packages:${PYTHONPATH} /usr/bin/python3 -W ignore:setup.py install is deprecated -W ignore:easy_install command is deprecated setup.py egg_info --egg-base build/my_python_pkg build --build-base /home/ros2/ros2_ws/src/my_python_pkg/build/my_python_pkg/build install --record /home/ros2/ros2_ws/src/my_python_pkg/build/my_python_pkg/install.log --single-version-externally-managed install_data
