[0.629s] Invoking command in '/home/ros2/ros2_ws/src/my_python_pkg': PYTHONPATH=/home/ros2/ros2_ws/src/my_python_pkg/build/my_python_pkg/prefix_override:/usr/lib/python3/dist-packages/colcon_core/task/python/colcon_distutils_commands:/home/ros2/ros2_ws/src/my_python_pkg/install/my_python_pkg/lib/python3.10/site-packages:${PYTHONPATH} /usr/bin/python3 -W ignore:setup.py install is deprecated -W ignore:easy_install command is deprecated setup.py egg_info --egg-base build/my_python_pkg build --build-base /home/ros2/ros2_ws/src/my_python_pkg/build/my_python_pkg/build install --record /home/ros2/ros2_ws/src/my_python_pkg/build/my_python_pkg/install.log --single-version-externally-managed install_data
[0.887s] running egg_info
[0.887s] writing build/my_python_pkg/my_python_pkg.egg-info/PKG-INFO
[0.888s] writing dependency_links to build/my_python_pkg/my_python_pkg.egg-info/dependency_links.txt
[0.888s] writing entry points to build/my_python_pkg/my_python_pkg.egg-info/entry_points.txt
[0.890s] writing requirements to build/my_python_pkg/my_python_pkg.egg-info/requires.txt
[0.891s] writing top-level names to build/my_python_pkg/my_python_pkg.egg-info/top_level.txt
[0.893s] reading manifest file 'build/my_python_pkg/my_python_pkg.egg-info/SOURCES.txt'
[0.894s] writing manifest file 'build/my_python_pkg/my_python_pkg.egg-info/SOURCES.txt'
[0.894s] running build
[0.894s] running build_py
[0.894s] copying my_python_pkg/talker.py -> /home/ros2/ros2_ws/src/my_python_pkg/build/my_python_pkg/build/lib/my_python_pkg
[0.895s] running install
[0.895s] running install_lib
[0.896s] copying /home/ros2/ros2_ws/src/my_python_pkg/build/my_python_pkg/build/lib/my_python_pkg/talker.py -> /home/ros2/ros2_ws/src/my_python_pkg/install/my_python_pkg/lib/python3.10/site-packages/my_python_pkg
[0.897s] byte-compiling /home/ros2/ros2_ws/src/my_python_pkg/install/my_python_pkg/lib/python3.10/site-packages/my_python_pkg/talker.py to talker.cpython-310.pyc
[0.897s] running install_data
[0.898s] running install_egg_info
[0.899s] removing '/home/ros2/ros2_ws/src/my_python_pkg/install/my_python_pkg/lib/python3.10/site-packages/my_python_pkg-0.0.0-py3.10.egg-info' (and everything under it)
[0.900s] Copying build/my_python_pkg/my_python_pkg.egg-info to /home/ros2/ros2_ws/src/my_python_pkg/install/my_python_pkg/lib/python3.10/site-packages/my_python_pkg-0.0.0-py3.10.egg-info
[0.900s] running install_scripts
[0.919s] Installing listener script to /home/ros2/ros2_ws/src/my_python_pkg/install/my_python_pkg/lib/my_python_pkg
[0.920s] Installing talker script to /home/ros2/ros2_ws/src/my_python_pkg/install/my_python_pkg/lib/my_python_pkg
[0.921s] writing list of installed files to '/home/ros2/ros2_ws/src/my_python_pkg/build/my_python_pkg/install.log'
[0.961s] Invoked command in '/home/ros2/ros2_ws/src/my_python_pkg' returned '0': PYTHONPATH=/home/ros2/ros2_ws/src/my_python_pkg/build/my_python_pkg/prefix_override:/usr/lib/python3/dist-packages/colcon_core/task/python/colcon_distutils_commands:/home/ros2/ros2_ws/src/my_python_pkg/install/my_python_pkg/lib/python3.10/site-packages:${PYTHONPATH} /usr/bin/python3 -W ignore:setup.py install is deprecated -W ignore:easy_install command is deprecated setup.py egg_info --egg-base build/my_python_pkg build --build-base /home/ros2/ros2_ws/src/my_python_pkg/build/my_python_pkg/build install --record /home/ros2/ros2_ws/src/my_python_pkg/build/my_python_pkg/install.log --single-version-externally-managed install_data
